<?xml version="1.0" encoding="UTF-8"?>
<!-- Generated by org.testng.reporters.JUnitReportReporter -->
<testsuite hostname="DESKTOP-FFVAVPV" failures="0" tests="2" name="mavenproject.maven.AppiumTest" time="0.013" errors="0" timestamp="2020-06-04T00:29:38 PDT" skipped="0">
  <testcase classname="mavenproject.maven.AppiumTest" name="AndriodApp" time="0.012"/>
  <system-out/>
  <testcase classname="mavenproject.maven.AppiumTest" name="ios" time="0.001"/>
  <system-out/>
</testsuite> <!-- mavenproject.maven.AppiumTest -->
