<?xml version="1.0" encoding="UTF-8"?>
<!-- Generated by org.testng.reporters.JUnitReportReporter -->
<testsuite hostname="DESKTOP-FFVAVPV" failures="0" tests="1" name="mavenproject.maven.RactTest" time="0.001" errors="0" timestamp="2020-06-04T00:29:38 PDT" skipped="0">
  <testcase classname="mavenproject.maven.RactTest" name="rect" time="0.001"/>
  <system-out/>
</testsuite> <!-- mavenproject.maven.RactTest -->
